<?xml version="1.0" encoding="UTF-8"?>
<testsuite name="MainTest" tests="4" skipped="0" failures="0" errors="0" timestamp="2023-01-03T13:32:53" hostname="MacBook-Pro-2" time="0.035">
  <properties/>
  <testcase name="converting SNAFU to decimal" classname="MainTest" time="0.02"/>
  <testcase name="convert a number to a base 5 number" classname="MainTest" time="0.003"/>
  <testcase name="convert a decimal number to SNAFU" classname="MainTest" time="0.003"/>
  <testcase name="part one with puzzle input gives 2-1-110-=01-1-0-0==2" classname="MainTest" time="0.002"/>
  <system-out><![CDATA[]]></system-out>
  <system-err><![CDATA[]]></system-err>
</testsuite>
