<?xml version="1.0" encoding="UTF-8"?>
<testsuite name="MainTest" tests="5" skipped="0" failures="0" errors="0" timestamp="2022-12-02T16:26:43" hostname="MacBook-Pro-2" time="0.03">
  <properties/>
  <testcase name="add one product to the fixture" classname="MainTest" time="0.018"/>
  <testcase name="add two products to the fixture" classname="MainTest" time="0.001"/>
  <testcase name="add eight products to the fixture" classname="MainTest" time="0.0"/>
  <testcase name="answer for eight products should be [[1],[2,3],[4,5],[6],[7,8]]" classname="MainTest" time="0.001"/>
  <testcase name="answer for ten products should be [[1],[2,3],[4,5],[6],[7,8],[9],[10]]" classname="MainTest" time="0.0"/>
  <system-out><![CDATA[]]></system-out>
  <system-err><![CDATA[]]></system-err>
</testsuite>
