<?xml version="1.0" encoding="UTF-8"?>
<testsuite name="MainTest" tests="9" skipped="0" failures="0" errors="0" timestamp="2022-12-04T11:57:56" hostname="MacBook-Pro-2" time="0.069">
  <properties/>
  <testcase name="assignment 2-8 fully contains 3-7" classname="MainTest" time="0.019"/>
  <testcase name="assignment 6-6 fully contained by 4-6" classname="MainTest" time="0.0"/>
  <testcase name="assignment 2-6 is not fully contained by 4-8" classname="MainTest" time="0.001"/>
  <testcase name="sampleInput with part one contains two assignments with one inside the other" classname="MainTest" time="0.003"/>
  <testcase name="puzzleInput with part one contains 571 assignments with one inside the other" classname="MainTest" time="0.016"/>
  <testcase name="assignment 2-4 and 6-8 do not overlap and 2-3 and 4-5 do not overlap" classname="MainTest" time="0.001"/>
  <testcase name="assignments 5-7,7-9, 2-8,3-7, 6-6,4-6, and 2-6,4-8) do overlap" classname="MainTest" time="0.0"/>
  <testcase name="sampleInput with part two contains 4 pairs with one inside the other" classname="MainTest" time="0.001"/>
  <testcase name="puzzleInput with part two contains 917 pairs with one inside the other" classname="MainTest" time="0.005"/>
  <system-out><![CDATA[]]></system-out>
  <system-err><![CDATA[]]></system-err>
</testsuite>
