<?xml version="1.0" encoding="UTF-8"?>
<testsuite name="MainTest" tests="4" skipped="0" failures="0" errors="0" timestamp="2022-12-15T19:23:10" hostname="MacBook-Pro-2" time="0.409">
  <properties/>
  <testcase name="part one with sample input" classname="MainTest" time="0.023"/>
  <testcase name="part one with puzzle input" classname="MainTest" time="0.067"/>
  <testcase name="part two with sample input" classname="MainTest" time="0.001"/>
  <testcase name="part two with puzzle input" classname="MainTest" time="0.309"/>
  <system-out><![CDATA[]]></system-out>
  <system-err><![CDATA[]]></system-err>
</testsuite>
