<?xml version="1.0" encoding="UTF-8"?>
<testsuite name="MainTest" tests="2" skipped="0" failures="0" errors="0" timestamp="2022-11-21T20:45:07" hostname="MacBook-Pro-2" time="0.024">
  <properties/>
  <testcase name="test" classname="MainTest" time="0.017"/>
  <testcase name="test" classname="MainTest" time="0.001"/>
  <system-out><![CDATA[]]></system-out>
  <system-err><![CDATA[]]></system-err>
</testsuite>
